<?xml version="1.0" encoding="UTF-8"?>
<!-- Generated by org.testng.reporters.JUnitXMLReporter -->
<testsuite ignored="0" hostname="DESKTOP-QQJG5DE" failures="1" tests="1" name="Default test(failed)" time="1.009" errors="0" timestamp="2023-01-12T11:20:58 IST">
  <testcase classname="SamplePracticeTestng.DemoRetyAnalyser" name="create" time="0.289">
    <failure type="java.lang.AssertionError" message="expected [B] but found [A]">
      <![CDATA[java.lang.AssertionError: expected [B] but found [A]
at SamplePracticeTestng.DemoRetyAnalyser.create(DemoRetyAnalyser.java:11)
at java.base/java.util.ArrayList.forEach(ArrayList.java:1511)
... Removed 33 stack frames]]>
    </failure>
  </testcase> <!-- create -->
</testsuite> <!-- Default test(failed) -->
